2025-06-21 06:08:16,661 - INFO - Typing and clicking..
2025-06-21 06:08:16,755 - INFO - Clicking on ('accessibility id', 'test-First Name')
2025-06-21 06:08:17,669 - INFO - Typing Rockey on element ('accessibility id', 'test-First Name')
2025-06-21 06:08:18,462 - INFO - Typing and clicking..
2025-06-21 06:08:19,287 - INFO - Clicking on ('accessibility id', 'test-Last Name')
2025-06-21 06:08:19,409 - INFO - Typing singh on element ('accessibility id', 'test-Last Name')
2025-06-21 06:08:20,908 - INFO - Typing and clicking..
2025-06-21 06:08:21,739 - INFO - Clicking on ('accessibility id', 'test-Zip/Postal Code')
2025-06-21 06:08:21,871 - INFO - Typing 180001 on element ('accessibility id', 'test-Zip/Postal Code')
2025-06-21 06:08:23,790 - INFO - Clicking on ('accessibility id', 'test-CONTINUE')
2025-06-21 06:08:48,392 - INFO - Typing and clicking..
2025-06-21 06:08:48,489 - INFO - Clicking on ('accessibility id', 'test-First Name')
2025-06-21 06:08:48,604 - INFO - Typing Sandy on element ('accessibility id', 'test-First Name')
2025-06-21 06:08:50,259 - INFO - Typing and clicking..
2025-06-21 06:08:51,165 - INFO - Clicking on ('accessibility id', 'test-Last Name')
2025-06-21 06:08:51,966 - INFO - Typing kumar on element ('accessibility id', 'test-Last Name')
2025-06-21 06:08:52,756 - INFO - Typing and clicking..
2025-06-21 06:08:53,598 - INFO - Clicking on ('accessibility id', 'test-Zip/Postal Code')
2025-06-21 06:08:53,695 - INFO - Typing 192303 on element ('accessibility id', 'test-Zip/Postal Code')
2025-06-21 06:08:56,335 - INFO - Clicking on ('accessibility id', 'test-CONTINUE')
