2025-06-22 02:11:24,931 - INFO - Typing and clicking..
2025-06-22 02:11:24,953 - INFO - Clicking on ('accessibility id', 'test-First Name')
2025-06-22 02:11:26,108 - INFO - Typing Rockey on element ('accessibility id', 'test-First Name')
2025-06-22 02:11:26,814 - INFO - Typing and clicking..
2025-06-22 02:11:27,944 - INFO - Clicking on ('accessibility id', 'test-Last Name')
2025-06-22 02:11:28,689 - INFO - Typing singh on element ('accessibility id', 'test-Last Name')
2025-06-22 02:11:29,378 - INFO - Typing and clicking..
2025-06-22 02:11:29,446 - INFO - Clicking on ('accessibility id', 'test-Zip/Postal Code')
2025-06-22 02:11:30,419 - INFO - Typing 180001 on element ('accessibility id', 'test-Zip/Postal Code')
2025-06-22 02:11:33,604 - INFO - Clicking on ('accessibility id', 'test-CONTINUE')
2025-06-22 02:11:54,058 - INFO - Typing and clicking..
2025-06-22 02:11:54,076 - INFO - Clicking on ('accessibility id', 'test-First Name')
2025-06-22 02:11:55,137 - INFO - Typing Sandy on element ('accessibility id', 'test-First Name')
2025-06-22 02:11:55,843 - INFO - Typing and clicking..
2025-06-22 02:11:56,736 - INFO - Clicking on ('accessibility id', 'test-Last Name')
2025-06-22 02:11:56,850 - INFO - Typing kumar on element ('accessibility id', 'test-Last Name')
2025-06-22 02:11:57,553 - INFO - Typing and clicking..
2025-06-22 02:11:58,491 - INFO - Clicking on ('accessibility id', 'test-Zip/Postal Code')
2025-06-22 02:11:59,239 - INFO - Typing 192303 on element ('accessibility id', 'test-Zip/Postal Code')
2025-06-22 02:12:00,509 - INFO - Clicking on ('accessibility id', 'test-CONTINUE')
