2025-06-21 19:01:28,174 - INFO - Typing and clicking..
2025-06-21 19:01:28,266 - INFO - Clicking on ('accessibility id', 'test-First Name')
2025-06-21 19:01:29,150 - INFO - Typing Rockey on element ('accessibility id', 'test-First Name')
2025-06-21 19:01:29,890 - INFO - Typing and clicking..
2025-06-21 19:01:30,681 - INFO - Clicking on ('accessibility id', 'test-Last Name')
2025-06-21 19:01:30,760 - INFO - Typing singh on element ('accessibility id', 'test-Last Name')
2025-06-21 19:01:32,263 - INFO - Typing and clicking..
2025-06-21 19:01:33,099 - INFO - Clicking on ('accessibility id', 'test-Zip/Postal Code')
2025-06-21 19:01:33,932 - INFO - Typing 180001 on element ('accessibility id', 'test-Zip/Postal Code')
2025-06-21 19:01:35,426 - INFO - Clicking on ('accessibility id', 'test-CONTINUE')
2025-06-21 19:02:01,825 - INFO - Typing and clicking..
2025-06-21 19:02:01,921 - INFO - Clicking on ('accessibility id', 'test-First Name')
2025-06-21 19:02:02,016 - INFO - Typing Sandy on element ('accessibility id', 'test-First Name')
2025-06-21 19:02:03,566 - INFO - Typing and clicking..
2025-06-21 19:02:04,423 - INFO - Clicking on ('accessibility id', 'test-Last Name')
2025-06-21 19:02:04,504 - INFO - Typing kumar on element ('accessibility id', 'test-Last Name')
2025-06-21 19:02:06,014 - INFO - Typing and clicking..
2025-06-21 19:02:06,841 - INFO - Clicking on ('accessibility id', 'test-Zip/Postal Code')
2025-06-21 19:02:07,666 - INFO - Typing 192303 on element ('accessibility id', 'test-Zip/Postal Code')
2025-06-21 19:02:09,619 - INFO - Clicking on ('accessibility id', 'test-CONTINUE')
