2025-06-21 19:16:24,649 - INFO - Typing and clicking..
2025-06-21 19:16:24,729 - INFO - Clicking on ('accessibility id', 'test-First Name')
2025-06-21 19:16:24,824 - INFO - Typing Rockey on element ('accessibility id', 'test-First Name')
2025-06-21 19:16:26,444 - INFO - Typing and clicking..
2025-06-21 19:16:27,263 - INFO - Clicking on ('accessibility id', 'test-Last Name')
2025-06-21 19:16:27,344 - INFO - Typing singh on element ('accessibility id', 'test-Last Name')
2025-06-21 19:16:28,211 - INFO - Typing and clicking..
2025-06-21 19:16:29,051 - INFO - Clicking on ('accessibility id', 'test-Zip/Postal Code')
2025-06-21 19:16:29,128 - INFO - Typing 180001 on element ('accessibility id', 'test-Zip/Postal Code')
2025-06-21 19:16:31,726 - INFO - Clicking on ('accessibility id', 'test-CONTINUE')
2025-06-21 19:16:56,456 - INFO - Typing and clicking..
2025-06-21 19:16:56,540 - INFO - Clicking on ('accessibility id', 'test-First Name')
2025-06-21 19:16:56,639 - INFO - Typing Sandy on element ('accessibility id', 'test-First Name')
2025-06-21 19:16:58,448 - INFO - Typing and clicking..
2025-06-21 19:16:59,321 - INFO - Clicking on ('accessibility id', 'test-Last Name')
2025-06-21 19:16:59,402 - INFO - Typing kumar on element ('accessibility id', 'test-Last Name')
2025-06-21 19:17:00,900 - INFO - Typing and clicking..
2025-06-21 19:17:01,777 - INFO - Clicking on ('accessibility id', 'test-Zip/Postal Code')
2025-06-21 19:17:01,869 - INFO - Typing 192303 on element ('accessibility id', 'test-Zip/Postal Code')
2025-06-21 19:17:04,488 - INFO - Clicking on ('accessibility id', 'test-CONTINUE')
