2025-06-22 01:17:47,301 - INFO - Typing and clicking..
2025-06-22 01:17:47,381 - INFO - Clicking on ('accessibility id', 'test-First Name')
2025-06-22 01:17:47,528 - INFO - Typing Rockey on element ('accessibility id', 'test-First Name')
2025-06-22 01:17:49,208 - INFO - Typing and clicking..
2025-06-22 01:17:50,262 - INFO - Clicking on ('accessibility id', 'test-Last Name')
2025-06-22 01:17:50,381 - INFO - Typing singh on element ('accessibility id', 'test-Last Name')
2025-06-22 01:17:52,256 - INFO - Typing and clicking..
2025-06-22 01:17:53,301 - INFO - Clicking on ('accessibility id', 'test-Zip/Postal Code')
2025-06-22 01:17:54,151 - INFO - Typing 180001 on element ('accessibility id', 'test-Zip/Postal Code')
2025-06-22 01:17:56,119 - INFO - Clicking on ('accessibility id', 'test-CONTINUE')
2025-06-22 01:18:26,126 - INFO - Typing and clicking..
2025-06-22 01:18:26,271 - INFO - Clicking on ('accessibility id', 'test-First Name')
2025-06-22 01:18:27,244 - INFO - Typing Sandy on element ('accessibility id', 'test-First Name')
2025-06-22 01:18:28,146 - INFO - Typing and clicking..
2025-06-22 01:18:29,151 - INFO - Clicking on ('accessibility id', 'test-Last Name')
2025-06-22 01:18:29,245 - INFO - Typing kumar on element ('accessibility id', 'test-Last Name')
2025-06-22 01:18:31,201 - INFO - Typing and clicking..
2025-06-22 01:18:32,265 - INFO - Clicking on ('accessibility id', 'test-Zip/Postal Code')
2025-06-22 01:18:33,096 - INFO - Typing 192303 on element ('accessibility id', 'test-Zip/Postal Code')
2025-06-22 01:18:35,369 - INFO - Clicking on ('accessibility id', 'test-CONTINUE')
