2025-06-22 02:06:58,595 - INFO - Typing and clicking..
2025-06-22 02:06:58,689 - INFO - Clicking on ('accessibility id', 'test-First Name')
2025-06-22 02:06:58,807 - INFO - Typing Rockey on element ('accessibility id', 'test-First Name')
2025-06-22 02:07:00,835 - INFO - Typing and clicking..
2025-06-22 02:07:01,570 - INFO - Clicking on ('accessibility id', 'test-Last Name')
2025-06-22 02:07:01,699 - INFO - Typing singh on element ('accessibility id', 'test-Last Name')
2025-06-22 02:07:03,156 - INFO - Typing and clicking..
2025-06-22 02:07:03,995 - INFO - Clicking on ('accessibility id', 'test-Zip/Postal Code')
2025-06-22 02:07:04,112 - INFO - Typing 180001 on element ('accessibility id', 'test-Zip/Postal Code')
2025-06-22 02:07:06,849 - INFO - Clicking on ('accessibility id', 'test-CONTINUE')
2025-06-22 02:07:32,698 - INFO - Typing and clicking..
2025-06-22 02:07:32,784 - INFO - Clicking on ('accessibility id', 'test-First Name')
2025-06-22 02:07:32,878 - INFO - Typing Sandy on element ('accessibility id', 'test-First Name')
2025-06-22 02:07:34,387 - INFO - Typing and clicking..
2025-06-22 02:07:35,210 - INFO - Clicking on ('accessibility id', 'test-Last Name')
2025-06-22 02:07:35,287 - INFO - Typing kumar on element ('accessibility id', 'test-Last Name')
2025-06-22 02:07:36,784 - INFO - Typing and clicking..
2025-06-22 02:07:37,634 - INFO - Clicking on ('accessibility id', 'test-Zip/Postal Code')
2025-06-22 02:07:37,719 - INFO - Typing 192303 on element ('accessibility id', 'test-Zip/Postal Code')
2025-06-22 02:07:40,279 - INFO - Clicking on ('accessibility id', 'test-CONTINUE')
