2025-06-21 04:38:22,816 - INFO - Typing and clicking..
2025-06-21 04:38:22,898 - INFO - Clicking on ('accessibility id', 'test-First Name')
2025-06-21 04:38:22,989 - INFO - Typing Rockey on element ('accessibility id', 'test-First Name')
2025-06-21 04:38:24,597 - INFO - Typing and clicking..
2025-06-21 04:38:25,418 - INFO - Clicking on ('accessibility id', 'test-Last Name')
2025-06-21 04:38:25,510 - INFO - Typing singh on element ('accessibility id', 'test-Last Name')
2025-06-21 04:38:27,024 - INFO - Typing and clicking..
2025-06-21 04:38:27,864 - INFO - Clicking on ('accessibility id', 'test-Zip/Postal Code')
2025-06-21 04:38:27,951 - INFO - Typing 180001 on element ('accessibility id', 'test-Zip/Postal Code')
2025-06-21 04:38:30,605 - INFO - Clicking on ('accessibility id', 'test-CONTINUE')
2025-06-21 04:38:54,785 - INFO - Typing and clicking..
2025-06-21 04:38:54,843 - INFO - Clicking on ('accessibility id', 'test-First Name')
2025-06-21 04:38:54,934 - INFO - Typing Sandy on element ('accessibility id', 'test-First Name')
2025-06-21 04:38:56,543 - INFO - Typing and clicking..
2025-06-21 04:38:57,633 - INFO - Clicking on ('accessibility id', 'test-Last Name')
2025-06-21 04:38:57,725 - INFO - Typing kumar on element ('accessibility id', 'test-Last Name')
2025-06-21 04:38:59,223 - INFO - Typing and clicking..
2025-06-21 04:39:00,049 - INFO - Clicking on ('accessibility id', 'test-Zip/Postal Code')
2025-06-21 04:39:00,896 - INFO - Typing 192303 on element ('accessibility id', 'test-Zip/Postal Code')
2025-06-21 04:39:02,100 - INFO - Clicking on ('accessibility id', 'test-CONTINUE')
