2025-06-21 05:03:11,826 - INFO - Typing and clicking..
2025-06-21 05:03:11,903 - INFO - Clicking on ('accessibility id', 'test-Username')
2025-06-21 05:03:12,798 - INFO - Typing standard_user on element ('accessibility id', 'test-Username')
2025-06-21 05:03:13,594 - INFO - Typing and clicking..
2025-06-21 05:03:14,399 - INFO - Clicking on ('accessibility id', 'test-Password')
2025-06-21 05:03:15,167 - INFO - Typing secret_saucex on element ('accessibility id', 'test-Password')
2025-06-21 05:03:15,937 - INFO - Clicking on ('accessibility id', 'test-LOGIN')
2025-06-21 05:03:55,334 - INFO - Typing and clicking..
2025-06-21 05:03:55,415 - INFO - Clicking on ('accessibility id', 'test-Username')
2025-06-21 05:03:56,297 - INFO - Typing standard_user on element ('accessibility id', 'test-Username')
2025-06-21 05:03:57,646 - INFO - Typing and clicking..
2025-06-21 05:03:58,355 - INFO - Clicking on ('accessibility id', 'test-Password')
2025-06-21 05:03:59,138 - INFO - Typing secret_saucex on element ('accessibility id', 'test-Password')
2025-06-21 05:03:59,899 - INFO - Clicking on ('accessibility id', 'test-LOGIN')
2025-06-21 05:04:18,508 - INFO - Typing and clicking..
2025-06-21 05:04:18,556 - INFO - Clicking on ('accessibility id', 'test-Username')
2025-06-21 05:04:18,644 - INFO - Typing standard_user on element ('accessibility id', 'test-Username')
2025-06-21 05:04:20,213 - INFO - Typing and clicking..
2025-06-21 05:04:21,014 - INFO - Clicking on ('accessibility id', 'test-Password')
2025-06-21 05:04:21,787 - INFO - Typing secret_saucex on element ('accessibility id', 'test-Password')
2025-06-21 05:04:22,592 - INFO - Clicking on ('accessibility id', 'test-LOGIN')
2025-06-21 05:05:01,433 - INFO - Typing and clicking..
2025-06-21 05:05:01,496 - INFO - Clicking on ('accessibility id', 'test-Username')
2025-06-21 05:05:02,362 - INFO - Typing standard_user on element ('accessibility id', 'test-Username')
2025-06-21 05:05:03,194 - INFO - Typing and clicking..
2025-06-21 05:05:04,016 - INFO - Clicking on ('accessibility id', 'test-Password')
2025-06-21 05:05:04,811 - INFO - Typing secret_saucex on element ('accessibility id', 'test-Password')
2025-06-21 05:05:05,587 - INFO - Clicking on ('accessibility id', 'test-LOGIN')
