2025-06-21 19:15:56,775 - INFO - Typing and clicking..
2025-06-21 19:15:56,870 - INFO - Clicking on ('accessibility id', 'test-Username')
2025-06-21 19:15:56,967 - INFO - Typing standard_user on element ('accessibility id', 'test-Username')
2025-06-21 19:15:58,564 - INFO - Typing and clicking..
2025-06-21 19:15:59,404 - INFO - Clicking on ('accessibility id', 'test-Password')
2025-06-21 19:15:59,500 - INFO - Typing secret_sauce on element ('accessibility id', 'test-Password')
2025-06-21 19:16:01,042 - INFO - Clicking on ('accessibility id', 'test-LOGIN')
2025-06-21 19:16:13,417 - INFO - Typing and clicking..
2025-06-21 19:16:13,509 - INFO - Clicking on ('accessibility id', 'test-Username')
2025-06-21 19:16:13,605 - INFO - Typing standard_user on element ('accessibility id', 'test-Username')
2025-06-21 19:16:15,213 - INFO - Typing and clicking..
2025-06-21 19:16:16,165 - INFO - Clicking on ('accessibility id', 'test-Password')
2025-06-21 19:16:16,969 - INFO - Typing secret_sauce on element ('accessibility id', 'test-Password')
2025-06-21 19:16:17,726 - INFO - Clicking on ('accessibility id', 'test-LOGIN')
2025-06-21 19:16:45,473 - INFO - Typing and clicking..
2025-06-21 19:16:45,557 - INFO - Clicking on ('accessibility id', 'test-Username')
2025-06-21 19:16:45,648 - INFO - Typing standard_user on element ('accessibility id', 'test-Username')
2025-06-21 19:16:47,220 - INFO - Typing and clicking..
2025-06-21 19:16:48,015 - INFO - Clicking on ('accessibility id', 'test-Password')
2025-06-21 19:16:48,095 - INFO - Typing secret_sauce on element ('accessibility id', 'test-Password')
2025-06-21 19:16:49,533 - INFO - Clicking on ('accessibility id', 'test-LOGIN')
2025-06-21 19:17:18,209 - INFO - Typing and clicking..
2025-06-21 19:17:18,273 - INFO - Clicking on ('accessibility id', 'test-Username')
2025-06-21 19:17:18,352 - INFO - Typing locked_out_user on element ('accessibility id', 'test-Username')
2025-06-21 19:17:19,939 - INFO - Typing and clicking..
2025-06-21 19:17:20,779 - INFO - Clicking on ('accessibility id', 'test-Password')
2025-06-21 19:17:21,540 - INFO - Typing secret_sauce on element ('accessibility id', 'test-Password')
2025-06-21 19:17:22,332 - INFO - Clicking on ('accessibility id', 'test-LOGIN')
2025-06-21 19:17:24,006 - INFO - Text from ('xpath', "//android.widget.TextView[contains(@text,'locked out')]"): Sorry, this user has been locked out.
2025-06-21 19:17:24,393 - INFO - Text from ('xpath', "//android.widget.TextView[contains(@text,'locked out')]"): Sorry, this user has been locked out.
2025-06-21 19:17:34,297 - INFO - Typing and clicking..
2025-06-21 19:17:34,366 - INFO - Clicking on ('accessibility id', 'test-Username')
2025-06-21 19:17:34,461 - INFO - Typing locked_out_user on element ('accessibility id', 'test-Username')
2025-06-21 19:17:36,038 - INFO - Typing and clicking..
2025-06-21 19:17:36,867 - INFO - Clicking on ('accessibility id', 'test-Password')
2025-06-21 19:17:36,982 - INFO - Typing secret_sauce on element ('accessibility id', 'test-Password')
2025-06-21 19:17:38,448 - INFO - Clicking on ('accessibility id', 'test-LOGIN')
2025-06-21 19:17:40,078 - INFO - Text from ('xpath', "//android.widget.TextView[contains(@text,'locked out')]"): Sorry, this user has been locked out.
2025-06-21 19:17:40,491 - INFO - Text from ('xpath', "//android.widget.TextView[contains(@text,'locked out')]"): Sorry, this user has been locked out.
