2025-06-23 17:53:24,494 - INFO - Typing and clicking..
2025-06-23 17:53:24,526 - INFO - Clicking on ('accessibility id', 'test-Username')
2025-06-23 17:53:24,638 - INFO - Typing standard_user on element ('accessibility id', 'test-Username')
2025-06-23 17:53:26,546 - INFO - Typing and clicking..
2025-06-23 17:53:26,621 - INFO - Clicking on ('accessibility id', 'test-Password')
2025-06-23 17:53:27,273 - INFO - Typing secret_sauce on element ('accessibility id', 'test-Password')
2025-06-23 17:53:28,485 - INFO - Clicking on ('accessibility id', 'test-LOGIN')
2025-06-23 17:53:39,574 - INFO - Typing and clicking..
2025-06-23 17:53:39,599 - INFO - Clicking on ('accessibility id', 'test-Username')
2025-06-23 17:53:39,694 - INFO - Typing standard_user on element ('accessibility id', 'test-Username')
2025-06-23 17:53:41,515 - INFO - Typing and clicking..
2025-06-23 17:53:42,168 - INFO - Clicking on ('accessibility id', 'test-Password')
2025-06-23 17:53:42,248 - INFO - Typing secret_sauce on element ('accessibility id', 'test-Password')
2025-06-23 17:53:43,446 - INFO - Clicking on ('accessibility id', 'test-LOGIN')
2025-06-23 17:54:08,449 - INFO - Typing and clicking..
2025-06-23 17:54:08,471 - INFO - Clicking on ('accessibility id', 'test-Username')
2025-06-23 17:54:08,551 - INFO - Typing standard_user on element ('accessibility id', 'test-Username')
2025-06-23 17:54:10,347 - INFO - Typing and clicking..
2025-06-23 17:54:11,007 - INFO - Clicking on ('accessibility id', 'test-Password')
2025-06-23 17:54:11,090 - INFO - Typing secret_sauce on element ('accessibility id', 'test-Password')
2025-06-23 17:54:12,282 - INFO - Clicking on ('accessibility id', 'test-LOGIN')
2025-06-23 17:54:35,633 - INFO - Typing and clicking..
2025-06-23 17:54:35,657 - INFO - Clicking on ('accessibility id', 'test-Username')
2025-06-23 17:54:35,740 - INFO - Typing locked_out_user on element ('accessibility id', 'test-Username')
2025-06-23 17:54:37,525 - INFO - Typing and clicking..
2025-06-23 17:54:38,181 - INFO - Clicking on ('accessibility id', 'test-Password')
2025-06-23 17:54:38,877 - INFO - Typing secret_sauce on element ('accessibility id', 'test-Password')
2025-06-23 17:54:39,427 - INFO - Clicking on ('accessibility id', 'test-LOGIN')
2025-06-23 17:54:40,710 - INFO - Text from ('xpath', "//android.widget.TextView[contains(@text,'locked out')]"): Sorry, this user has been locked out.
2025-06-23 17:54:40,827 - INFO - Text from ('xpath', "//android.widget.TextView[contains(@text,'locked out')]"): Sorry, this user has been locked out.
2025-06-23 17:54:49,004 - INFO - Typing and clicking..
2025-06-23 17:54:49,025 - INFO - Clicking on ('accessibility id', 'test-Username')
2025-06-23 17:54:49,105 - INFO - Typing locked_out_user on element ('accessibility id', 'test-Username')
2025-06-23 17:54:50,869 - INFO - Typing and clicking..
2025-06-23 17:54:51,511 - INFO - Clicking on ('accessibility id', 'test-Password')
2025-06-23 17:54:51,622 - INFO - Typing secret_sauce on element ('accessibility id', 'test-Password')
2025-06-23 17:54:52,780 - INFO - Clicking on ('accessibility id', 'test-LOGIN')
2025-06-23 17:54:54,080 - INFO - Text from ('xpath', "//android.widget.TextView[contains(@text,'locked out')]"): Sorry, this user has been locked out.
2025-06-23 17:54:54,188 - INFO - Text from ('xpath', "//android.widget.TextView[contains(@text,'locked out')]"): Sorry, this user has been locked out.
