2025-06-22 02:06:28,571 - INFO - Typing and clicking..
2025-06-22 02:06:28,626 - INFO - Clicking on ('accessibility id', 'test-Username')
2025-06-22 02:06:29,529 - INFO - Typing standard_user on element ('accessibility id', 'test-Username')
2025-06-22 02:06:30,340 - INFO - Typing and clicking..
2025-06-22 02:06:31,651 - INFO - Clicking on ('accessibility id', 'test-Password')
2025-06-22 02:06:32,420 - INFO - Typing secret_sauce on element ('accessibility id', 'test-Password')
2025-06-22 02:06:33,189 - INFO - Clicking on ('accessibility id', 'test-LOGIN')
2025-06-22 02:06:45,662 - INFO - Typing and clicking..
2025-06-22 02:06:45,698 - INFO - Clicking on ('accessibility id', 'test-Username')
2025-06-22 02:06:45,788 - INFO - Typing standard_user on element ('accessibility id', 'test-Username')
2025-06-22 02:06:47,628 - INFO - Typing and clicking..
2025-06-22 02:06:48,456 - INFO - Clicking on ('accessibility id', 'test-Password')
2025-06-22 02:06:48,550 - INFO - Typing secret_sauce on element ('accessibility id', 'test-Password')
2025-06-22 02:06:50,712 - INFO - Clicking on ('accessibility id', 'test-LOGIN')
2025-06-22 02:07:21,647 - INFO - Typing and clicking..
2025-06-22 02:07:21,714 - INFO - Clicking on ('accessibility id', 'test-Username')
2025-06-22 02:07:21,813 - INFO - Typing standard_user on element ('accessibility id', 'test-Username')
2025-06-22 02:07:23,389 - INFO - Typing and clicking..
2025-06-22 02:07:24,176 - INFO - Clicking on ('accessibility id', 'test-Password')
2025-06-22 02:07:24,251 - INFO - Typing secret_sauce on element ('accessibility id', 'test-Password')
2025-06-22 02:07:25,693 - INFO - Clicking on ('accessibility id', 'test-LOGIN')
2025-06-22 02:07:53,947 - INFO - Typing and clicking..
2025-06-22 02:07:53,981 - INFO - Clicking on ('accessibility id', 'test-Username')
2025-06-22 02:07:54,841 - INFO - Typing locked_out_user on element ('accessibility id', 'test-Username')
2025-06-22 02:07:55,675 - INFO - Typing and clicking..
2025-06-22 02:07:56,460 - INFO - Clicking on ('accessibility id', 'test-Password')
2025-06-22 02:07:56,538 - INFO - Typing secret_sauce on element ('accessibility id', 'test-Password')
2025-06-22 02:07:57,331 - INFO - Clicking on ('accessibility id', 'test-LOGIN')
2025-06-22 02:07:59,033 - INFO - Text from ('xpath', "//android.widget.TextView[contains(@text,'locked out')]"): Sorry, this user has been locked out.
2025-06-22 02:07:59,414 - INFO - Text from ('xpath', "//android.widget.TextView[contains(@text,'locked out')]"): Sorry, this user has been locked out.
2025-06-22 02:08:09,508 - INFO - Typing and clicking..
2025-06-22 02:08:09,541 - INFO - Clicking on ('accessibility id', 'test-Username')
2025-06-22 02:08:09,632 - INFO - Typing locked_out_user on element ('accessibility id', 'test-Username')
2025-06-22 02:08:11,247 - INFO - Typing and clicking..
2025-06-22 02:08:12,056 - INFO - Clicking on ('accessibility id', 'test-Password')
2025-06-22 02:08:12,814 - INFO - Typing secret_sauce on element ('accessibility id', 'test-Password')
2025-06-22 02:08:13,541 - INFO - Clicking on ('accessibility id', 'test-LOGIN')
2025-06-22 02:08:15,587 - INFO - Text from ('xpath', "//android.widget.TextView[contains(@text,'locked out')]"): Sorry, this user has been locked out.
2025-06-22 02:08:15,958 - INFO - Text from ('xpath', "//android.widget.TextView[contains(@text,'locked out')]"): Sorry, this user has been locked out.
