2025-06-22 00:28:01,725 - INFO - Typing and clicking..
2025-06-22 00:28:01,841 - INFO - Clicking on ('accessibility id', 'test-Username')
2025-06-22 00:28:01,976 - INFO - Typing standard_user on element ('accessibility id', 'test-Username')
2025-06-22 00:28:03,706 - INFO - Typing and clicking..
2025-06-22 00:28:04,520 - INFO - Clicking on ('accessibility id', 'test-Password')
2025-06-22 00:28:04,602 - INFO - Typing secret_sauce on element ('accessibility id', 'test-Password')
2025-06-22 00:28:06,045 - INFO - Clicking on ('accessibility id', 'test-LOGIN')
2025-06-22 00:28:18,729 - INFO - Typing and clicking..
2025-06-22 00:28:18,766 - INFO - Clicking on ('accessibility id', 'test-Username')
2025-06-22 00:28:18,847 - INFO - Typing standard_user on element ('accessibility id', 'test-Username')
2025-06-22 00:28:20,755 - INFO - Typing and clicking..
2025-06-22 00:28:21,536 - INFO - Clicking on ('accessibility id', 'test-Password')
2025-06-22 00:28:22,270 - INFO - Typing secret_sauce on element ('accessibility id', 'test-Password')
2025-06-22 00:28:23,019 - INFO - Clicking on ('accessibility id', 'test-LOGIN')
2025-06-22 00:28:53,434 - INFO - Typing and clicking..
2025-06-22 00:28:53,536 - INFO - Clicking on ('accessibility id', 'test-Username')
2025-06-22 00:28:54,455 - INFO - Typing standard_user on element ('accessibility id', 'test-Username')
2025-06-22 00:28:55,246 - INFO - Typing and clicking..
2025-06-22 00:28:56,052 - INFO - Clicking on ('accessibility id', 'test-Password')
2025-06-22 00:28:56,165 - INFO - Typing secret_sauce on element ('accessibility id', 'test-Password')
2025-06-22 00:28:58,207 - INFO - Clicking on ('accessibility id', 'test-LOGIN')
2025-06-22 00:29:28,675 - INFO - Typing and clicking..
2025-06-22 00:29:28,735 - INFO - Clicking on ('accessibility id', 'test-Username')
2025-06-22 00:29:28,835 - INFO - Typing locked_out_user on element ('accessibility id', 'test-Username')
2025-06-22 00:29:30,418 - INFO - Typing and clicking..
2025-06-22 00:29:31,245 - INFO - Clicking on ('accessibility id', 'test-Password')
2025-06-22 00:29:31,345 - INFO - Typing secret_sauce on element ('accessibility id', 'test-Password')
2025-06-22 00:29:32,751 - INFO - Clicking on ('accessibility id', 'test-LOGIN')
2025-06-22 00:29:34,997 - INFO - Text from ('xpath', "//android.widget.TextView[contains(@text,'locked out')]"): Sorry, this user has been locked out.
2025-06-22 00:29:35,795 - INFO - Text from ('xpath', "//android.widget.TextView[contains(@text,'locked out')]"): Sorry, this user has been locked out.
2025-06-22 00:29:46,065 - INFO - Typing and clicking..
2025-06-22 00:29:46,125 - INFO - Clicking on ('accessibility id', 'test-Username')
2025-06-22 00:29:46,208 - INFO - Typing locked_out_user on element ('accessibility id', 'test-Username')
2025-06-22 00:29:47,781 - INFO - Typing and clicking..
2025-06-22 00:29:48,589 - INFO - Clicking on ('accessibility id', 'test-Password')
2025-06-22 00:29:49,385 - INFO - Typing secret_sauce on element ('accessibility id', 'test-Password')
2025-06-22 00:29:49,541 - INFO - Clicking on ('accessibility id', 'test-LOGIN')
2025-06-22 00:29:51,820 - INFO - Text from ('xpath', "//android.widget.TextView[contains(@text,'locked out')]"): Sorry, this user has been locked out.
2025-06-22 00:29:52,233 - INFO - Text from ('xpath', "//android.widget.TextView[contains(@text,'locked out')]"): Sorry, this user has been locked out.
