2025-06-22 01:17:17,792 - INFO - Typing and clicking..
2025-06-22 01:17:17,858 - INFO - Clicking on ('accessibility id', 'test-Username')
2025-06-22 01:17:17,963 - INFO - Typing standard_user on element ('accessibility id', 'test-Username')
2025-06-22 01:17:19,628 - INFO - Typing and clicking..
2025-06-22 01:17:20,704 - INFO - Clicking on ('accessibility id', 'test-Password')
2025-06-22 01:17:20,782 - INFO - Typing secret_sauce on element ('accessibility id', 'test-Password')
2025-06-22 01:17:21,594 - INFO - Clicking on ('accessibility id', 'test-LOGIN')
2025-06-22 01:17:35,970 - INFO - Typing and clicking..
2025-06-22 01:17:36,031 - INFO - Clicking on ('accessibility id', 'test-Username')
2025-06-22 01:17:36,973 - INFO - Typing standard_user on element ('accessibility id', 'test-Username')
2025-06-22 01:17:37,761 - INFO - Typing and clicking..
2025-06-22 01:17:38,576 - INFO - Clicking on ('accessibility id', 'test-Password')
2025-06-22 01:17:39,378 - INFO - Typing secret_sauce on element ('accessibility id', 'test-Password')
2025-06-22 01:17:40,171 - INFO - Clicking on ('accessibility id', 'test-LOGIN')
2025-06-22 01:18:13,305 - INFO - Typing and clicking..
2025-06-22 01:18:13,366 - INFO - Clicking on ('accessibility id', 'test-Username')
2025-06-22 01:18:13,464 - INFO - Typing standard_user on element ('accessibility id', 'test-Username')
2025-06-22 01:18:15,010 - INFO - Typing and clicking..
2025-06-22 01:18:15,820 - INFO - Clicking on ('accessibility id', 'test-Password')
2025-06-22 01:18:15,906 - INFO - Typing secret_sauce on element ('accessibility id', 'test-Password')
2025-06-22 01:18:17,321 - INFO - Clicking on ('accessibility id', 'test-LOGIN')
2025-06-22 01:18:50,714 - INFO - Typing and clicking..
2025-06-22 01:18:50,797 - INFO - Clicking on ('accessibility id', 'test-Username')
2025-06-22 01:18:50,888 - INFO - Typing locked_out_user on element ('accessibility id', 'test-Username')
2025-06-22 01:18:52,425 - INFO - Typing and clicking..
2025-06-22 01:18:53,241 - INFO - Clicking on ('accessibility id', 'test-Password')
2025-06-22 01:18:54,039 - INFO - Typing secret_sauce on element ('accessibility id', 'test-Password')
2025-06-22 01:18:54,788 - INFO - Clicking on ('accessibility id', 'test-LOGIN')
2025-06-22 01:18:57,333 - INFO - Text from ('xpath', "//android.widget.TextView[contains(@text,'locked out')]"): Sorry, this user has been locked out.
2025-06-22 01:18:57,748 - INFO - Text from ('xpath', "//android.widget.TextView[contains(@text,'locked out')]"): Sorry, this user has been locked out.
2025-06-22 01:19:08,946 - INFO - Typing and clicking..
2025-06-22 01:19:09,027 - INFO - Clicking on ('accessibility id', 'test-Username')
2025-06-22 01:19:09,146 - INFO - Typing locked_out_user on element ('accessibility id', 'test-Username')
2025-06-22 01:19:10,722 - INFO - Typing and clicking..
2025-06-22 01:19:11,531 - INFO - Clicking on ('accessibility id', 'test-Password')
2025-06-22 01:19:11,619 - INFO - Typing secret_sauce on element ('accessibility id', 'test-Password')
2025-06-22 01:19:12,394 - INFO - Clicking on ('accessibility id', 'test-LOGIN')
2025-06-22 01:19:14,047 - INFO - Text from ('xpath', "//android.widget.TextView[contains(@text,'locked out')]"): Sorry, this user has been locked out.
2025-06-22 01:19:14,835 - INFO - Text from ('xpath', "//android.widget.TextView[contains(@text,'locked out')]"): Sorry, this user has been locked out.
