2025-06-22 02:11:02,504 - INFO - Typing and clicking..
2025-06-22 02:11:02,531 - INFO - Clicking on ('accessibility id', 'test-Username')
2025-06-22 02:11:03,584 - INFO - Typing standard_user on element ('accessibility id', 'test-Username')
2025-06-22 02:11:04,431 - INFO - Typing and clicking..
2025-06-22 02:11:05,091 - INFO - Clicking on ('accessibility id', 'test-Password')
2025-06-22 02:11:05,234 - INFO - Typing secret_sauce on element ('accessibility id', 'test-Password')
2025-06-22 02:11:05,891 - INFO - Clicking on ('accessibility id', 'test-LOGIN')
2025-06-22 02:11:16,111 - INFO - Typing and clicking..
2025-06-22 02:11:16,138 - INFO - Clicking on ('accessibility id', 'test-Username')
2025-06-22 02:11:16,232 - INFO - Typing standard_user on element ('accessibility id', 'test-Username')
2025-06-22 02:11:17,927 - INFO - Typing and clicking..
2025-06-22 02:11:18,624 - INFO - Clicking on ('accessibility id', 'test-Password')
2025-06-22 02:11:18,720 - INFO - Typing secret_sauce on element ('accessibility id', 'test-Password')
2025-06-22 02:11:19,923 - INFO - Clicking on ('accessibility id', 'test-LOGIN')
2025-06-22 02:11:45,315 - INFO - Typing and clicking..
2025-06-22 02:11:45,337 - INFO - Clicking on ('accessibility id', 'test-Username')
2025-06-22 02:11:45,452 - INFO - Typing standard_user on element ('accessibility id', 'test-Username')
2025-06-22 02:11:47,130 - INFO - Typing and clicking..
2025-06-22 02:11:47,778 - INFO - Clicking on ('accessibility id', 'test-Password')
2025-06-22 02:11:48,490 - INFO - Typing secret_sauce on element ('accessibility id', 'test-Password')
2025-06-22 02:11:49,064 - INFO - Clicking on ('accessibility id', 'test-LOGIN')
2025-06-22 02:12:12,208 - INFO - Typing and clicking..
2025-06-22 02:12:12,226 - INFO - Clicking on ('accessibility id', 'test-Username')
2025-06-22 02:12:12,336 - INFO - Typing locked_out_user on element ('accessibility id', 'test-Username')
2025-06-22 02:12:14,029 - INFO - Typing and clicking..
2025-06-22 02:12:14,664 - INFO - Clicking on ('accessibility id', 'test-Password')
2025-06-22 02:12:14,744 - INFO - Typing secret_sauce on element ('accessibility id', 'test-Password')
2025-06-22 02:12:15,982 - INFO - Clicking on ('accessibility id', 'test-LOGIN')
2025-06-22 02:12:17,608 - INFO - Text from ('xpath', "//android.widget.TextView[contains(@text,'locked out')]"): Sorry, this user has been locked out.
2025-06-22 02:12:17,719 - INFO - Text from ('xpath', "//android.widget.TextView[contains(@text,'locked out')]"): Sorry, this user has been locked out.
2025-06-22 02:12:25,928 - INFO - Typing and clicking..
2025-06-22 02:12:25,953 - INFO - Clicking on ('accessibility id', 'test-Username')
2025-06-22 02:12:26,054 - INFO - Typing locked_out_user on element ('accessibility id', 'test-Username')
2025-06-22 02:12:27,778 - INFO - Typing and clicking..
2025-06-22 02:12:28,453 - INFO - Clicking on ('accessibility id', 'test-Password')
2025-06-22 02:12:28,563 - INFO - Typing secret_sauce on element ('accessibility id', 'test-Password')
2025-06-22 02:12:29,731 - INFO - Clicking on ('accessibility id', 'test-LOGIN')
2025-06-22 02:12:31,367 - INFO - Text from ('xpath', "//android.widget.TextView[contains(@text,'locked out')]"): Sorry, this user has been locked out.
2025-06-22 02:12:31,483 - INFO - Text from ('xpath', "//android.widget.TextView[contains(@text,'locked out')]"): Sorry, this user has been locked out.
